CRITICAL - 2025-12-23 05:14:28 --> Error: Class "App\Models\UserModel" not found
[Method: GET, Route: /]
in APPPATH\Controllers\Home.php on line 10.
 1 SYSTEMPATH\CodeIgniter.php(933): App\Controllers\Home->index()
 2 SYSTEMPATH\CodeIgniter.php(507): CodeIgniter\CodeIgniter->runController(Object(App\Controllers\Home))
 3 SYSTEMPATH\CodeIgniter.php(354): CodeIgniter\CodeIgniter->handleRequest(null, Object(Config\Cache), false)
 4 SYSTEMPATH\Boot.php(363): CodeIgniter\CodeIgniter->run()
 5 SYSTEMPATH\Boot.php(68): CodeIgniter\Boot::runCodeIgniter(Object(CodeIgniter\CodeIgniter))
 6 FCPATH\index.php(59): CodeIgniter\Boot::bootWeb(Object(Config\Paths))
CRITICAL - 2025-12-23 05:15:10 --> Error: Class "App\Models\UserModel" not found
[Method: GET, Route: /]
in APPPATH\Controllers\Home.php on line 10.
 1 SYSTEMPATH\CodeIgniter.php(933): App\Controllers\Home->index()
 2 SYSTEMPATH\CodeIgniter.php(507): CodeIgniter\CodeIgniter->runController(Object(App\Controllers\Home))
 3 SYSTEMPATH\CodeIgniter.php(354): CodeIgniter\CodeIgniter->handleRequest(null, Object(Config\Cache), false)
 4 SYSTEMPATH\Boot.php(363): CodeIgniter\CodeIgniter->run()
 5 SYSTEMPATH\Boot.php(68): CodeIgniter\Boot::runCodeIgniter(Object(CodeIgniter\CodeIgniter))
 6 FCPATH\index.php(59): CodeIgniter\Boot::bootWeb(Object(Config\Paths))
CRITICAL - 2025-12-23 05:16:01 --> Error: Class "App\Models\UserModel" not found
[Method: GET, Route: /]
in APPPATH\Controllers\Home.php on line 11.
 1 SYSTEMPATH\CodeIgniter.php(933): App\Controllers\Home->index()
 2 SYSTEMPATH\CodeIgniter.php(507): CodeIgniter\CodeIgniter->runController(Object(App\Controllers\Home))
 3 SYSTEMPATH\CodeIgniter.php(354): CodeIgniter\CodeIgniter->handleRequest(null, Object(Config\Cache), false)
 4 SYSTEMPATH\Boot.php(363): CodeIgniter\CodeIgniter->run()
 5 SYSTEMPATH\Boot.php(68): CodeIgniter\Boot::runCodeIgniter(Object(CodeIgniter\CodeIgniter))
 6 FCPATH\index.php(59): CodeIgniter\Boot::bootWeb(Object(Config\Paths))
CRITICAL - 2025-12-23 05:16:04 --> Error: Class "App\Models\UserModel" not found
[Method: GET, Route: /]
in APPPATH\Controllers\Home.php on line 11.
 1 SYSTEMPATH\CodeIgniter.php(933): App\Controllers\Home->index()
 2 SYSTEMPATH\CodeIgniter.php(507): CodeIgniter\CodeIgniter->runController(Object(App\Controllers\Home))
 3 SYSTEMPATH\CodeIgniter.php(354): CodeIgniter\CodeIgniter->handleRequest(null, Object(Config\Cache), false)
 4 SYSTEMPATH\Boot.php(363): CodeIgniter\CodeIgniter->run()
 5 SYSTEMPATH\Boot.php(68): CodeIgniter\Boot::runCodeIgniter(Object(CodeIgniter\CodeIgniter))
 6 FCPATH\index.php(59): CodeIgniter\Boot::bootWeb(Object(Config\Paths))
CRITICAL - 2025-12-23 05:17:02 --> Error: Class "App\Models\User_Model" not found
[Method: GET, Route: /]
in APPPATH\Controllers\Home.php on line 10.
 1 SYSTEMPATH\CodeIgniter.php(933): App\Controllers\Home->index()
 2 SYSTEMPATH\CodeIgniter.php(507): CodeIgniter\CodeIgniter->runController(Object(App\Controllers\Home))
 3 SYSTEMPATH\CodeIgniter.php(354): CodeIgniter\CodeIgniter->handleRequest(null, Object(Config\Cache), false)
 4 SYSTEMPATH\Boot.php(363): CodeIgniter\CodeIgniter->run()
 5 SYSTEMPATH\Boot.php(68): CodeIgniter\Boot::runCodeIgniter(Object(CodeIgniter\CodeIgniter))
 6 FCPATH\index.php(59): CodeIgniter\Boot::bootWeb(Object(Config\Paths))
CRITICAL - 2025-12-23 05:17:35 --> Error: Class "App\Models\UserModel" not found
[Method: GET, Route: /]
in APPPATH\Controllers\Home.php on line 10.
 1 SYSTEMPATH\CodeIgniter.php(933): App\Controllers\Home->index()
 2 SYSTEMPATH\CodeIgniter.php(507): CodeIgniter\CodeIgniter->runController(Object(App\Controllers\Home))
 3 SYSTEMPATH\CodeIgniter.php(354): CodeIgniter\CodeIgniter->handleRequest(null, Object(Config\Cache), false)
 4 SYSTEMPATH\Boot.php(363): CodeIgniter\CodeIgniter->run()
 5 SYSTEMPATH\Boot.php(68): CodeIgniter\Boot::runCodeIgniter(Object(CodeIgniter\CodeIgniter))
 6 FCPATH\index.php(59): CodeIgniter\Boot::bootWeb(Object(Config\Paths))
CRITICAL - 2025-12-23 05:22:03 --> Error: Class "App\Models\UserModel" not found
[Method: GET, Route: /]
in APPPATH\Controllers\Home.php on line 10.
 1 SYSTEMPATH\CodeIgniter.php(933): App\Controllers\Home->index()
 2 SYSTEMPATH\CodeIgniter.php(507): CodeIgniter\CodeIgniter->runController(Object(App\Controllers\Home))
 3 SYSTEMPATH\CodeIgniter.php(354): CodeIgniter\CodeIgniter->handleRequest(null, Object(Config\Cache), false)
 4 SYSTEMPATH\Boot.php(363): CodeIgniter\CodeIgniter->run()
 5 SYSTEMPATH\Boot.php(68): CodeIgniter\Boot::runCodeIgniter(Object(CodeIgniter\CodeIgniter))
 6 FCPATH\index.php(59): CodeIgniter\Boot::bootWeb(Object(Config\Paths))
CRITICAL - 2025-12-23 05:22:35 --> Error: Class "App\Models\UserModel" not found
[Method: GET, Route: /]
in APPPATH\Controllers\Home.php on line 10.
 1 SYSTEMPATH\CodeIgniter.php(933): App\Controllers\Home->index()
 2 SYSTEMPATH\CodeIgniter.php(507): CodeIgniter\CodeIgniter->runController(Object(App\Controllers\Home))
 3 SYSTEMPATH\CodeIgniter.php(354): CodeIgniter\CodeIgniter->handleRequest(null, Object(Config\Cache), false)
 4 SYSTEMPATH\Boot.php(363): CodeIgniter\CodeIgniter->run()
 5 SYSTEMPATH\Boot.php(68): CodeIgniter\Boot::runCodeIgniter(Object(CodeIgniter\CodeIgniter))
 6 FCPATH\index.php(59): CodeIgniter\Boot::bootWeb(Object(Config\Paths))
CRITICAL - 2025-12-23 06:17:37 --> ErrorException: Undefined variable $route
[Method: GET, Route: test]
in APPPATH\Config\Routes.php on line 9.
 1 APPPATH\Config\Routes.php(9): CodeIgniter\Debug\Exceptions->errorHandler(2, 'Undefined variable $route', 'C:\\xampp_new\\htdocs\\ci4\\app\\Config\\Routes.php', 9)
 2 SYSTEMPATH\Router\RouteCollection.php(339): require('C:\\xampp_new\\htdocs\\ci4\\app\\Config\\Routes.php')
 3 SYSTEMPATH\CodeIgniter.php(821): CodeIgniter\Router\RouteCollection->loadRoutes()
 4 SYSTEMPATH\CodeIgniter.php(455): CodeIgniter\CodeIgniter->tryToRouteIt(null)
 5 SYSTEMPATH\CodeIgniter.php(354): CodeIgniter\CodeIgniter->handleRequest(null, Object(Config\Cache), false)
 6 SYSTEMPATH\Boot.php(363): CodeIgniter\CodeIgniter->run()
 7 SYSTEMPATH\Boot.php(68): CodeIgniter\Boot::runCodeIgniter(Object(CodeIgniter\CodeIgniter))
 8 FCPATH\index.php(59): CodeIgniter\Boot::bootWeb(Object(Config\Paths))
CRITICAL - 2025-12-23 06:17:52 --> ErrorException: Undefined variable $route
[Method: GET, Route: test]
in APPPATH\Config\Routes.php on line 9.
 1 APPPATH\Config\Routes.php(9): CodeIgniter\Debug\Exceptions->errorHandler(2, 'Undefined variable $route', 'C:\\xampp_new\\htdocs\\ci4\\app\\Config\\Routes.php', 9)
 2 SYSTEMPATH\Router\RouteCollection.php(339): require('C:\\xampp_new\\htdocs\\ci4\\app\\Config\\Routes.php')
 3 SYSTEMPATH\CodeIgniter.php(821): CodeIgniter\Router\RouteCollection->loadRoutes()
 4 SYSTEMPATH\CodeIgniter.php(455): CodeIgniter\CodeIgniter->tryToRouteIt(null)
 5 SYSTEMPATH\CodeIgniter.php(354): CodeIgniter\CodeIgniter->handleRequest(null, Object(Config\Cache), false)
 6 SYSTEMPATH\Boot.php(363): CodeIgniter\CodeIgniter->run()
 7 SYSTEMPATH\Boot.php(68): CodeIgniter\Boot::runCodeIgniter(Object(CodeIgniter\CodeIgniter))
 8 FCPATH\index.php(59): CodeIgniter\Boot::bootWeb(Object(Config\Paths))
CRITICAL - 2025-12-23 06:18:05 --> ErrorException: Undefined variable $route
[Method: GET, Route: test]
in APPPATH\Config\Routes.php on line 9.
 1 APPPATH\Config\Routes.php(9): CodeIgniter\Debug\Exceptions->errorHandler(2, 'Undefined variable $route', 'C:\\xampp_new\\htdocs\\ci4\\app\\Config\\Routes.php', 9)
 2 SYSTEMPATH\Router\RouteCollection.php(339): require('C:\\xampp_new\\htdocs\\ci4\\app\\Config\\Routes.php')
 3 SYSTEMPATH\CodeIgniter.php(821): CodeIgniter\Router\RouteCollection->loadRoutes()
 4 SYSTEMPATH\CodeIgniter.php(455): CodeIgniter\CodeIgniter->tryToRouteIt(null)
 5 SYSTEMPATH\CodeIgniter.php(354): CodeIgniter\CodeIgniter->handleRequest(null, Object(Config\Cache), false)
 6 SYSTEMPATH\Boot.php(363): CodeIgniter\CodeIgniter->run()
 7 SYSTEMPATH\Boot.php(68): CodeIgniter\Boot::runCodeIgniter(Object(CodeIgniter\CodeIgniter))
 8 FCPATH\index.php(59): CodeIgniter\Boot::bootWeb(Object(Config\Paths))
CRITICAL - 2025-12-23 06:18:27 --> ErrorException: Undefined variable $route
[Method: GET, Route: test]
in APPPATH\Config\Routes.php on line 9.
 1 APPPATH\Config\Routes.php(9): CodeIgniter\Debug\Exceptions->errorHandler(2, 'Undefined variable $route', 'C:\\xampp_new\\htdocs\\ci4\\app\\Config\\Routes.php', 9)
 2 SYSTEMPATH\Router\RouteCollection.php(339): require('C:\\xampp_new\\htdocs\\ci4\\app\\Config\\Routes.php')
 3 SYSTEMPATH\CodeIgniter.php(821): CodeIgniter\Router\RouteCollection->loadRoutes()
 4 SYSTEMPATH\CodeIgniter.php(455): CodeIgniter\CodeIgniter->tryToRouteIt(null)
 5 SYSTEMPATH\CodeIgniter.php(354): CodeIgniter\CodeIgniter->handleRequest(null, Object(Config\Cache), false)
 6 SYSTEMPATH\Boot.php(363): CodeIgniter\CodeIgniter->run()
 7 SYSTEMPATH\Boot.php(68): CodeIgniter\Boot::runCodeIgniter(Object(CodeIgniter\CodeIgniter))
 8 FCPATH\index.php(59): CodeIgniter\Boot::bootWeb(Object(Config\Paths))
CRITICAL - 2025-12-23 06:18:43 --> ErrorException: Undefined variable $route
[Method: GET, Route: test]
in APPPATH\Config\Routes.php on line 9.
 1 APPPATH\Config\Routes.php(9): CodeIgniter\Debug\Exceptions->errorHandler(2, 'Undefined variable $route', 'C:\\xampp_new\\htdocs\\ci4\\app\\Config\\Routes.php', 9)
 2 SYSTEMPATH\Router\RouteCollection.php(339): require('C:\\xampp_new\\htdocs\\ci4\\app\\Config\\Routes.php')
 3 SYSTEMPATH\CodeIgniter.php(821): CodeIgniter\Router\RouteCollection->loadRoutes()
 4 SYSTEMPATH\CodeIgniter.php(455): CodeIgniter\CodeIgniter->tryToRouteIt(null)
 5 SYSTEMPATH\CodeIgniter.php(354): CodeIgniter\CodeIgniter->handleRequest(null, Object(Config\Cache), false)
 6 SYSTEMPATH\Boot.php(363): CodeIgniter\CodeIgniter->run()
 7 SYSTEMPATH\Boot.php(68): CodeIgniter\Boot::runCodeIgniter(Object(CodeIgniter\CodeIgniter))
 8 FCPATH\index.php(59): CodeIgniter\Boot::bootWeb(Object(Config\Paths))
CRITICAL - 2025-12-23 06:19:11 --> TypeError: App\Controllers\Home::test(): Return value must be of type string, none returned
[Method: GET, Route: test]
in APPPATH\Controllers\Home.php on line 25.
 1 SYSTEMPATH\CodeIgniter.php(933): App\Controllers\Home->test()
 2 SYSTEMPATH\CodeIgniter.php(507): CodeIgniter\CodeIgniter->runController(Object(App\Controllers\Home))
 3 SYSTEMPATH\CodeIgniter.php(354): CodeIgniter\CodeIgniter->handleRequest(null, Object(Config\Cache), false)
 4 SYSTEMPATH\Boot.php(363): CodeIgniter\CodeIgniter->run()
 5 SYSTEMPATH\Boot.php(68): CodeIgniter\Boot::runCodeIgniter(Object(CodeIgniter\CodeIgniter))
 6 FCPATH\index.php(59): CodeIgniter\Boot::bootWeb(Object(Config\Paths))
CRITICAL - 2025-12-23 06:19:34 --> CodeIgniter\Database\Exceptions\DataException: Allowed fields must be specified for model: "App\Models\UserModel"
[Method: GET, Route: test]
in SYSTEMPATH\Model.php on line 819.
 1 SYSTEMPATH\Model.php(819): CodeIgniter\Database\Exceptions\DataException::forInvalidAllowedFields('App\\Models\\UserModel')
 2 SYSTEMPATH\BaseModel.php(819): CodeIgniter\Model->doProtectFieldsForInsert([...])
 3 SYSTEMPATH\Model.php(797): CodeIgniter\BaseModel->insert([...], false)
 4 SYSTEMPATH\BaseModel.php(751): CodeIgniter\Model->insert([...], false)
 5 APPPATH\Controllers\Home.php(22): CodeIgniter\BaseModel->save([...])
 6 SYSTEMPATH\CodeIgniter.php(933): App\Controllers\Home->test()
 7 SYSTEMPATH\CodeIgniter.php(507): CodeIgniter\CodeIgniter->runController(Object(App\Controllers\Home))
 8 SYSTEMPATH\CodeIgniter.php(354): CodeIgniter\CodeIgniter->handleRequest(null, Object(Config\Cache), false)
 9 SYSTEMPATH\Boot.php(363): CodeIgniter\CodeIgniter->run()
10 SYSTEMPATH\Boot.php(68): CodeIgniter\Boot::runCodeIgniter(Object(CodeIgniter\CodeIgniter))
11 FCPATH\index.php(59): CodeIgniter\Boot::bootWeb(Object(Config\Paths))
CRITICAL - 2025-12-23 06:21:31 --> CodeIgniter\Database\Exceptions\DataException: Allowed fields must be specified for model: "App\Models\UserModel"
[Method: GET, Route: test]
in SYSTEMPATH\Model.php on line 819.
 1 SYSTEMPATH\Model.php(819): CodeIgniter\Database\Exceptions\DataException::forInvalidAllowedFields('App\\Models\\UserModel')
 2 SYSTEMPATH\BaseModel.php(819): CodeIgniter\Model->doProtectFieldsForInsert([...])
 3 SYSTEMPATH\Model.php(797): CodeIgniter\BaseModel->insert([...], true)
 4 APPPATH\Controllers\Home.php(22): CodeIgniter\Model->insert([...])
 5 SYSTEMPATH\CodeIgniter.php(933): App\Controllers\Home->test()
 6 SYSTEMPATH\CodeIgniter.php(507): CodeIgniter\CodeIgniter->runController(Object(App\Controllers\Home))
 7 SYSTEMPATH\CodeIgniter.php(354): CodeIgniter\CodeIgniter->handleRequest(null, Object(Config\Cache), false)
 8 SYSTEMPATH\Boot.php(363): CodeIgniter\CodeIgniter->run()
 9 SYSTEMPATH\Boot.php(68): CodeIgniter\Boot::runCodeIgniter(Object(CodeIgniter\CodeIgniter))
10 FCPATH\index.php(59): CodeIgniter\Boot::bootWeb(Object(Config\Paths))
CRITICAL - 2025-12-23 06:21:33 --> CodeIgniter\Database\Exceptions\DataException: Allowed fields must be specified for model: "App\Models\UserModel"
[Method: GET, Route: test]
in SYSTEMPATH\Model.php on line 819.
 1 SYSTEMPATH\Model.php(819): CodeIgniter\Database\Exceptions\DataException::forInvalidAllowedFields('App\\Models\\UserModel')
 2 SYSTEMPATH\BaseModel.php(819): CodeIgniter\Model->doProtectFieldsForInsert([...])
 3 SYSTEMPATH\Model.php(797): CodeIgniter\BaseModel->insert([...], true)
 4 APPPATH\Controllers\Home.php(22): CodeIgniter\Model->insert([...])
 5 SYSTEMPATH\CodeIgniter.php(933): App\Controllers\Home->test()
 6 SYSTEMPATH\CodeIgniter.php(507): CodeIgniter\CodeIgniter->runController(Object(App\Controllers\Home))
 7 SYSTEMPATH\CodeIgniter.php(354): CodeIgniter\CodeIgniter->handleRequest(null, Object(Config\Cache), false)
 8 SYSTEMPATH\Boot.php(363): CodeIgniter\CodeIgniter->run()
 9 SYSTEMPATH\Boot.php(68): CodeIgniter\Boot::runCodeIgniter(Object(CodeIgniter\CodeIgniter))
10 FCPATH\index.php(59): CodeIgniter\Boot::bootWeb(Object(Config\Paths))
CRITICAL - 2025-12-23 06:22:44 --> CodeIgniter\Database\Exceptions\DataException: Allowed fields must be specified for model: "App\Models\UserModel"
[Method: GET, Route: test]
in SYSTEMPATH\Model.php on line 819.
 1 SYSTEMPATH\Model.php(819): CodeIgniter\Database\Exceptions\DataException::forInvalidAllowedFields('App\\Models\\UserModel')
 2 SYSTEMPATH\BaseModel.php(819): CodeIgniter\Model->doProtectFieldsForInsert([...])
 3 SYSTEMPATH\Model.php(797): CodeIgniter\BaseModel->insert([...], true)
 4 APPPATH\Controllers\Home.php(22): CodeIgniter\Model->insert([...])
 5 SYSTEMPATH\CodeIgniter.php(933): App\Controllers\Home->test()
 6 SYSTEMPATH\CodeIgniter.php(507): CodeIgniter\CodeIgniter->runController(Object(App\Controllers\Home))
 7 SYSTEMPATH\CodeIgniter.php(354): CodeIgniter\CodeIgniter->handleRequest(null, Object(Config\Cache), false)
 8 SYSTEMPATH\Boot.php(363): CodeIgniter\CodeIgniter->run()
 9 SYSTEMPATH\Boot.php(68): CodeIgniter\Boot::runCodeIgniter(Object(CodeIgniter\CodeIgniter))
10 FCPATH\index.php(59): CodeIgniter\Boot::bootWeb(Object(Config\Paths))
