DEBUG - 2025-12-25 04:06:00 --> Session: Class initialized using 'CodeIgniter\Session\Handlers\FileHandler' driver.
DEBUG - 2025-12-25 04:06:03 --> Session: Class initialized using 'CodeIgniter\Session\Handlers\FileHandler' driver.
DEBUG - 2025-12-25 04:06:04 --> Session: Class initialized using 'CodeIgniter\Session\Handlers\FileHandler' driver.
DEBUG - 2025-12-25 04:06:12 --> Session: Class initialized using 'CodeIgniter\Session\Handlers\FileHandler' driver.
DEBUG - 2025-12-25 04:06:13 --> Session: Class initialized using 'CodeIgniter\Session\Handlers\FileHandler' driver.
DEBUG - 2025-12-25 06:04:56 --> Session: Class initialized using 'CodeIgniter\Session\Handlers\FileHandler' driver.
DEBUG - 2025-12-25 06:05:30 --> Session: Class initialized using 'CodeIgniter\Session\Handlers\FileHandler' driver.
DEBUG - 2025-12-25 06:05:31 --> Session: Class initialized using 'CodeIgniter\Session\Handlers\FileHandler' driver.
DEBUG - 2025-12-25 06:05:37 --> Session: Class initialized using 'CodeIgniter\Session\Handlers\FileHandler' driver.
DEBUG - 2025-12-25 06:05:37 --> Session: Class initialized using 'CodeIgniter\Session\Handlers\FileHandler' driver.
DEBUG - 2025-12-25 06:05:47 --> Session: Class initialized using 'CodeIgniter\Session\Handlers\FileHandler' driver.
DEBUG - 2025-12-25 06:06:46 --> Session: Class initialized using 'CodeIgniter\Session\Handlers\FileHandler' driver.
DEBUG - 2025-12-25 06:06:47 --> Session: Class initialized using 'CodeIgniter\Session\Handlers\FileHandler' driver.
DEBUG - 2025-12-25 06:06:53 --> Session: Class initialized using 'CodeIgniter\Session\Handlers\FileHandler' driver.
DEBUG - 2025-12-25 06:06:54 --> Session: Class initialized using 'CodeIgniter\Session\Handlers\FileHandler' driver.
DEBUG - 2025-12-25 06:09:20 --> Session: Class initialized using 'CodeIgniter\Session\Handlers\FileHandler' driver.
ERROR - 2025-12-25 06:09:21 --> Email: sendWithMail throwed ErrorException: mail(): Failed to connect to mailserver at &quot;localhost&quot; port 25, verify your &quot;SMTP&quot; and &quot;smtp_port&quot; setting in php.ini or use ini_set() in C:\xampp_new\htdocs\ci4\system\Email\Email.php:1766
Stack trace:
#0 [internal function]: CodeIgniter\Debug\Exceptions->errorHandler(2, 'mail(): Failed ...', 'C:\\xampp_new\\ht...', 1766)
#1 C:\xampp_new\htdocs\ci4\system\Email\Email.php(1766): mail('mukeshparmar10@...', '=?UTF-8?Q?Test?...', 'This is a multi...', 'Date: Thu, 25 D...')
#2 C:\xampp_new\htdocs\ci4\system\Email\Email.php(1703): CodeIgniter\Email\Email->sendWithMail()
#3 C:\xampp_new\htdocs\ci4\system\Email\Email.php(1597): CodeIgniter\Email\Email->spoolEmail()
#4 C:\xampp_new\htdocs\ci4\app\Controllers\Student.php(106): CodeIgniter\Email\Email->send()
#5 C:\xampp_new\htdocs\ci4\system\CodeIgniter.php(933): App\Controllers\Student->email()
#6 C:\xampp_new\htdocs\ci4\system\CodeIgniter.php(507): CodeIgniter\CodeIgniter->runController(Object(App\Controllers\Student))
#7 C:\xampp_new\htdocs\ci4\system\CodeIgniter.php(354): CodeIgniter\CodeIgniter->handleRequest(NULL, Object(Config\Cache), false)
#8 C:\xampp_new\htdocs\ci4\system\Boot.php(363): CodeIgniter\CodeIgniter->run()
#9 C:\xampp_new\htdocs\ci4\system\Boot.php(68): CodeIgniter\Boot::runCodeIgniter(Object(CodeIgniter\CodeIgniter))
#10 C:\xampp_new\htdocs\ci4\index.php(59): CodeIgniter\Boot::bootWeb(Object(Config\Paths))
#11 {main}
ERROR - 2025-12-25 06:09:22 --> Email: Unable to send email using PHP mail(). Your server might not be configured to send mail using this method.
ERROR - 2025-12-25 06:09:22 --> 
DEBUG - 2025-12-25 06:10:12 --> Session: Class initialized using 'CodeIgniter\Session\Handlers\FileHandler' driver.
ERROR - 2025-12-25 06:10:13 --> Email: sendWithMail throwed ErrorException: mail(): Failed to connect to mailserver at &quot;localhost&quot; port 25, verify your &quot;SMTP&quot; and &quot;smtp_port&quot; setting in php.ini or use ini_set() in C:\xampp_new\htdocs\ci4\system\Email\Email.php:1771
Stack trace:
#0 [internal function]: CodeIgniter\Debug\Exceptions->errorHandler(2, 'mail(): Failed ...', 'C:\\xampp_new\\ht...', 1771)
#1 C:\xampp_new\htdocs\ci4\system\Email\Email.php(1771): mail('mukeshparmar10@...', '=?UTF-8?Q?Test?...', 'This is a multi...', 'Date: Thu, 25 D...', '-f info@gazolin...')
#2 C:\xampp_new\htdocs\ci4\system\Email\Email.php(1703): CodeIgniter\Email\Email->sendWithMail()
#3 C:\xampp_new\htdocs\ci4\system\Email\Email.php(1597): CodeIgniter\Email\Email->spoolEmail()
#4 C:\xampp_new\htdocs\ci4\app\Controllers\Student.php(106): CodeIgniter\Email\Email->send()
#5 C:\xampp_new\htdocs\ci4\system\CodeIgniter.php(933): App\Controllers\Student->email()
#6 C:\xampp_new\htdocs\ci4\system\CodeIgniter.php(507): CodeIgniter\CodeIgniter->runController(Object(App\Controllers\Student))
#7 C:\xampp_new\htdocs\ci4\system\CodeIgniter.php(354): CodeIgniter\CodeIgniter->handleRequest(NULL, Object(Config\Cache), false)
#8 C:\xampp_new\htdocs\ci4\system\Boot.php(363): CodeIgniter\CodeIgniter->run()
#9 C:\xampp_new\htdocs\ci4\system\Boot.php(68): CodeIgniter\Boot::runCodeIgniter(Object(CodeIgniter\CodeIgniter))
#10 C:\xampp_new\htdocs\ci4\index.php(59): CodeIgniter\Boot::bootWeb(Object(Config\Paths))
#11 {main}
ERROR - 2025-12-25 06:10:13 --> Email: Unable to send email using PHP mail(). Your server might not be configured to send mail using this method.
ERROR - 2025-12-25 06:10:13 --> 
DEBUG - 2025-12-25 06:25:02 --> Session: Class initialized using 'CodeIgniter\Session\Handlers\FileHandler' driver.
ERROR - 2025-12-25 06:25:03 --> Email: sendWithMail throwed ErrorException: mail(): Failed to connect to mailserver at &quot;localhost&quot; port 25, verify your &quot;SMTP&quot; and &quot;smtp_port&quot; setting in php.ini or use ini_set() in C:\xampp_new\htdocs\ci4\system\Email\Email.php:1771
Stack trace:
#0 [internal function]: CodeIgniter\Debug\Exceptions->errorHandler(2, 'mail(): Failed ...', 'C:\\xampp_new\\ht...', 1771)
#1 C:\xampp_new\htdocs\ci4\system\Email\Email.php(1771): mail('mukeshparmar10@...', '=?UTF-8?Q?Test?...', 'This is a multi...', 'Date: Thu, 25 D...', '-f info@gazolin...')
#2 C:\xampp_new\htdocs\ci4\system\Email\Email.php(1703): CodeIgniter\Email\Email->sendWithMail()
#3 C:\xampp_new\htdocs\ci4\system\Email\Email.php(1597): CodeIgniter\Email\Email->spoolEmail()
#4 C:\xampp_new\htdocs\ci4\app\Controllers\Student.php(106): CodeIgniter\Email\Email->send()
#5 C:\xampp_new\htdocs\ci4\system\CodeIgniter.php(933): App\Controllers\Student->email()
#6 C:\xampp_new\htdocs\ci4\system\CodeIgniter.php(507): CodeIgniter\CodeIgniter->runController(Object(App\Controllers\Student))
#7 C:\xampp_new\htdocs\ci4\system\CodeIgniter.php(354): CodeIgniter\CodeIgniter->handleRequest(NULL, Object(Config\Cache), false)
#8 C:\xampp_new\htdocs\ci4\system\Boot.php(363): CodeIgniter\CodeIgniter->run()
#9 C:\xampp_new\htdocs\ci4\system\Boot.php(68): CodeIgniter\Boot::runCodeIgniter(Object(CodeIgniter\CodeIgniter))
#10 C:\xampp_new\htdocs\ci4\index.php(59): CodeIgniter\Boot::bootWeb(Object(Config\Paths))
#11 {main}
ERROR - 2025-12-25 06:25:03 --> Email: Unable to send email using PHP mail(). Your server might not be configured to send mail using this method.
ERROR - 2025-12-25 06:25:03 --> 
DEBUG - 2025-12-25 06:25:41 --> Session: Class initialized using 'CodeIgniter\Session\Handlers\FileHandler' driver.
ERROR - 2025-12-25 06:25:42 --> Email: sendWithMail throwed ErrorException: mail(): Failed to connect to mailserver at &quot;localhost&quot; port 25, verify your &quot;SMTP&quot; and &quot;smtp_port&quot; setting in php.ini or use ini_set() in C:\xampp_new\htdocs\ci4\system\Email\Email.php:1771
Stack trace:
#0 [internal function]: CodeIgniter\Debug\Exceptions->errorHandler(2, 'mail(): Failed ...', 'C:\\xampp_new\\ht...', 1771)
#1 C:\xampp_new\htdocs\ci4\system\Email\Email.php(1771): mail('mukeshparmar10@...', '=?UTF-8?Q?Test?...', 'This is a multi...', 'Date: Thu, 25 D...', '-f info@gazolin...')
#2 C:\xampp_new\htdocs\ci4\system\Email\Email.php(1703): CodeIgniter\Email\Email->sendWithMail()
#3 C:\xampp_new\htdocs\ci4\system\Email\Email.php(1597): CodeIgniter\Email\Email->spoolEmail()
#4 C:\xampp_new\htdocs\ci4\app\Controllers\Student.php(105): CodeIgniter\Email\Email->send()
#5 C:\xampp_new\htdocs\ci4\system\CodeIgniter.php(933): App\Controllers\Student->email()
#6 C:\xampp_new\htdocs\ci4\system\CodeIgniter.php(507): CodeIgniter\CodeIgniter->runController(Object(App\Controllers\Student))
#7 C:\xampp_new\htdocs\ci4\system\CodeIgniter.php(354): CodeIgniter\CodeIgniter->handleRequest(NULL, Object(Config\Cache), false)
#8 C:\xampp_new\htdocs\ci4\system\Boot.php(363): CodeIgniter\CodeIgniter->run()
#9 C:\xampp_new\htdocs\ci4\system\Boot.php(68): CodeIgniter\Boot::runCodeIgniter(Object(CodeIgniter\CodeIgniter))
#10 C:\xampp_new\htdocs\ci4\index.php(59): CodeIgniter\Boot::bootWeb(Object(Config\Paths))
#11 {main}
ERROR - 2025-12-25 06:25:42 --> Email: Unable to send email using PHP mail(). Your server might not be configured to send mail using this method.
ERROR - 2025-12-25 06:25:42 --> 
DEBUG - 2025-12-25 06:29:50 --> Session: Class initialized using 'CodeIgniter\Session\Handlers\FileHandler' driver.
ERROR - 2025-12-25 06:29:55 --> Email: sendWithSmtp throwed ErrorException: fsockopen(): Unable to connect to smtp.1and1.com:25 (A connection attempt failed because the connected party did not properly respond after a period of time, or established connection failed because connected host has failed to respond) in C:\xampp_new\htdocs\ci4\system\Email\Email.php:1905
Stack trace:
#0 [internal function]: CodeIgniter\Debug\Exceptions->errorHandler(2, 'fsockopen(): Un...', 'C:\\xampp_new\\ht...', 1905)
#1 C:\xampp_new\htdocs\ci4\system\Email\Email.php(1905): fsockopen('smtp.1and1.com', 25, NULL, NULL, 5)
#2 C:\xampp_new\htdocs\ci4\system\Email\Email.php(1818): CodeIgniter\Email\Email->SMTPConnect()
#3 C:\xampp_new\htdocs\ci4\system\Email\Email.php(1703): CodeIgniter\Email\Email->sendWithSmtp()
#4 C:\xampp_new\htdocs\ci4\system\Email\Email.php(1597): CodeIgniter\Email\Email->spoolEmail()
#5 C:\xampp_new\htdocs\ci4\app\Controllers\Student.php(106): CodeIgniter\Email\Email->send()
#6 C:\xampp_new\htdocs\ci4\system\CodeIgniter.php(933): App\Controllers\Student->email()
#7 C:\xampp_new\htdocs\ci4\system\CodeIgniter.php(507): CodeIgniter\CodeIgniter->runController(Object(App\Controllers\Student))
#8 C:\xampp_new\htdocs\ci4\system\CodeIgniter.php(354): CodeIgniter\CodeIgniter->handleRequest(NULL, Object(Config\Cache), false)
#9 C:\xampp_new\htdocs\ci4\system\Boot.php(363): CodeIgniter\CodeIgniter->run()
#10 C:\xampp_new\htdocs\ci4\system\Boot.php(68): CodeIgniter\Boot::runCodeIgniter(Object(CodeIgniter\CodeIgniter))
#11 C:\xampp_new\htdocs\ci4\index.php(59): CodeIgniter\Boot::bootWeb(Object(Config\Paths))
#12 {main}
ERROR - 2025-12-25 06:29:55 --> Email: Unable to send email using SMTP. Your server might not be configured to send mail using this method.
ERROR - 2025-12-25 06:29:55 --> 
DEBUG - 2025-12-25 06:31:36 --> Session: Class initialized using 'CodeIgniter\Session\Handlers\FileHandler' driver.
ERROR - 2025-12-25 06:31:41 --> Email: sendWithSmtp throwed ErrorException: fsockopen(): Unable to connect to smtp.1and1.com:25 (A connection attempt failed because the connected party did not properly respond after a period of time, or established connection failed because connected host has failed to respond) in C:\xampp_new\htdocs\ci4\system\Email\Email.php:1905
Stack trace:
#0 [internal function]: CodeIgniter\Debug\Exceptions->errorHandler(2, 'fsockopen(): Un...', 'C:\\xampp_new\\ht...', 1905)
#1 C:\xampp_new\htdocs\ci4\system\Email\Email.php(1905): fsockopen('smtp.1and1.com', 25, NULL, NULL, 5)
#2 C:\xampp_new\htdocs\ci4\system\Email\Email.php(1818): CodeIgniter\Email\Email->SMTPConnect()
#3 C:\xampp_new\htdocs\ci4\system\Email\Email.php(1703): CodeIgniter\Email\Email->sendWithSmtp()
#4 C:\xampp_new\htdocs\ci4\system\Email\Email.php(1597): CodeIgniter\Email\Email->spoolEmail()
#5 C:\xampp_new\htdocs\ci4\app\Controllers\Student.php(106): CodeIgniter\Email\Email->send()
#6 C:\xampp_new\htdocs\ci4\system\CodeIgniter.php(933): App\Controllers\Student->email()
#7 C:\xampp_new\htdocs\ci4\system\CodeIgniter.php(507): CodeIgniter\CodeIgniter->runController(Object(App\Controllers\Student))
#8 C:\xampp_new\htdocs\ci4\system\CodeIgniter.php(354): CodeIgniter\CodeIgniter->handleRequest(NULL, Object(Config\Cache), false)
#9 C:\xampp_new\htdocs\ci4\system\Boot.php(363): CodeIgniter\CodeIgniter->run()
#10 C:\xampp_new\htdocs\ci4\system\Boot.php(68): CodeIgniter\Boot::runCodeIgniter(Object(CodeIgniter\CodeIgniter))
#11 C:\xampp_new\htdocs\ci4\index.php(59): CodeIgniter\Boot::bootWeb(Object(Config\Paths))
#12 {main}
ERROR - 2025-12-25 06:31:41 --> Email: Unable to send email using SMTP. Your server might not be configured to send mail using this method.
ERROR - 2025-12-25 06:31:41 --> 
DEBUG - 2025-12-25 06:33:38 --> Session: Class initialized using 'CodeIgniter\Session\Handlers\FileHandler' driver.
DEBUG - 2025-12-25 06:39:54 --> Session: Class initialized using 'CodeIgniter\Session\Handlers\FileHandler' driver.
DEBUG - 2025-12-25 06:40:02 --> Session: Class initialized using 'CodeIgniter\Session\Handlers\FileHandler' driver.
ERROR - 2025-12-25 06:40:02 --> Email: sendWithSmtp throwed ErrorException: fsockopen(): php_network_getaddresses: getaddrinfo for &lt;Your SMTP Host&gt; failed: No such host is known.  in C:\xampp_new\htdocs\ci4\system\Email\Email.php:1905
Stack trace:
#0 [internal function]: CodeIgniter\Debug\Exceptions->errorHandler(2, 'fsockopen(): ph...', 'C:\\xampp_new\\ht...', 1905)
#1 C:\xampp_new\htdocs\ci4\system\Email\Email.php(1905): fsockopen('<Your SMTP Host...', 587, NULL, NULL, 5)
#2 C:\xampp_new\htdocs\ci4\system\Email\Email.php(1818): CodeIgniter\Email\Email->SMTPConnect()
#3 C:\xampp_new\htdocs\ci4\system\Email\Email.php(1703): CodeIgniter\Email\Email->sendWithSmtp()
#4 C:\xampp_new\htdocs\ci4\system\Email\Email.php(1597): CodeIgniter\Email\Email->spoolEmail()
#5 C:\xampp_new\htdocs\ci4\app\Controllers\Student.php(106): CodeIgniter\Email\Email->send()
#6 C:\xampp_new\htdocs\ci4\system\CodeIgniter.php(933): App\Controllers\Student->email()
#7 C:\xampp_new\htdocs\ci4\system\CodeIgniter.php(507): CodeIgniter\CodeIgniter->runController(Object(App\Controllers\Student))
#8 C:\xampp_new\htdocs\ci4\system\CodeIgniter.php(354): CodeIgniter\CodeIgniter->handleRequest(NULL, Object(Config\Cache), false)
#9 C:\xampp_new\htdocs\ci4\system\Boot.php(363): CodeIgniter\CodeIgniter->run()
#10 C:\xampp_new\htdocs\ci4\system\Boot.php(68): CodeIgniter\Boot::runCodeIgniter(Object(CodeIgniter\CodeIgniter))
#11 C:\xampp_new\htdocs\ci4\index.php(59): CodeIgniter\Boot::bootWeb(Object(Config\Paths))
#12 {main}
ERROR - 2025-12-25 06:40:02 --> Email: Unable to send email using SMTP. Your server might not be configured to send mail using this method.
ERROR - 2025-12-25 06:40:02 --> 
